<?xml version="1.0" encoding="UTF-8"?>
<testsuite xmlns:xsi="http://www.w3.org/2001/XMLSchema-instance" xsi:noNamespaceSchemaLocation="https://maven.apache.org/surefire/maven-surefire-plugin/xsd/surefire-test-report-3.0.xsd" version="3.0" name="Wikipedia search feature" time="29.782" tests="8" errors="0" skipped="0" failures="0">
  <properties>
[...]
</properties>
  <testcase name="Wikipedia search title verification" classname="Wikipedia search feature" time="12.896">
    <system-err><![CDATA[ChromeDriver was started successfully.
Mar 16, 2021 9:40:58 PM org.openqa.selenium.remote.ProtocolHandshake createSession
INFO: Detected dialect: W3C
]]></system-err>
  </testcase>
  <testcase name="Wikipedia search header verification #1" classname="Wikipedia search feature" time="4.051"/>
  <testcase name="Wikipedia search header verification #2" classname="Wikipedia search feature" time="3.956"/>
  <testcase name="Wikipedia search header verification #3" classname="Wikipedia search feature" time="3.031"/>
  <testcase name="Wikipedia search header verification #4" classname="Wikipedia search feature" time="1.773"/>
  <testcase name="Wikipedia search header verification #5" classname="Wikipedia search feature" time="1.449"/>
  <testcase name="Wikipedia search header verification #6" classname="Wikipedia search feature" time="1.287"/>
  <testcase name="Wikipedia search header verification #7" classname="Wikipedia search feature" time="1.339"/>
</testsuite>